<?xml version="1.0" encoding="UTF-8"?>
<testsuites name="TestSuit1" time="41.947" tests="2" failures="0" errors="0">
   <testsuite name="TestSuit1" tests="2" failures="0" errors="0" time="41.947" skipped="0" timestamp="20-10-2024T12:46:57" hostname="USER - DESKTOP-TMPGUHN" id="Test Suites/TestSuit1">
      <properties>
         <property name="deviceName" value=""/>
         <property name="devicePlatform"/>
         <property name="logFolder" value="C:\\Users\\USER\\git\\KatalonTestOps_certificate2\\Test Cases\\KatalonTestOps_certificate2\\Reports\\20241020_124646\\TestSuit1\\20241020_124646"/>
         <property name="logFiles" value="C:\\Users\\USER\\git\\KatalonTestOps_certificate2\\Test Cases\\KatalonTestOps_certificate2\\Reports\\20241020_124646\\TestSuit1\\20241020_124646\\execution0.log"/>
         <property name="attachments" value=""/>
         <property name="hostName" value="USER - DESKTOP-TMPGUHN"/>
         <property name="os" value="Windows 10 64bit"/>
         <property name="katalonVersion" value="9.7.2.223"/>
         <property name="browser" value="Chrome 129.0.0.0"/>
         <property name="hostAddress" value="192.168.29.253"/>
         <property name="sessionId" value="262f76b175731fbe52f6e5cdd3f14d58"/>
         <property name="seleniumVersion" value="3.141.59"/>
         <property name="proxyInformation" value="ProxyInformation { proxyOption=NO_PROXY, proxyServerType=HTTP, username=, password=********, proxyServerAddress=, proxyServerPort=0, executionList=&quot;&quot;, isApplyToDesiredCapabilities=true }"/>
         <property name="platform" value="Windows 10"/>
      </properties>
      <testcase name="Test Cases/Git_TestCase1" time="21.707" classname="Test Cases/Git_TestCase1" status="PASSED">
         <system-out><![CDATA[20-10-2024T12:46:57 - [TEST_CASE][PASSED] - Test Cases/Git_TestCase1: Test Cases/Git_TestCase1

20-10-2024T12:46:58 - [TEST_STEP][PASSED] - openBrowser(""): Browser is opened with url: ''

20-10-2024T12:46:59 - [MESSAGE][INFO] - Starting 'Chrome' driver

20-10-2024T12:46:59 - [MESSAGE][INFO] - Action delay is set to 0 milliseconds

20-10-2024T12:47:02 - [MESSAGE][PASSED] - Browser is opened with url: ''

20-10-2024T12:47:02 - [TEST_STEP][PASSED] - navigateToUrl("https://www.google.com/"): Navigate to 'https://www.google.com/' successfully

20-10-2024T12:47:02 - [MESSAGE][PASSED] - Navigate to 'https://www.google.com/' successfully

20-10-2024T12:47:02 - [TEST_STEP][PASSED] - setText(findTestObject("Object Repository/Page_Google/textarea_Sign in_q"), "gmail"): Text 'gmail' is set on object 'Object Repository/Page_Google/textarea_Sign in_q'

20-10-2024T12:47:06 - [MESSAGE][PASSED] - Text 'gmail' is set on object 'Object Repository/Page_Google/textarea_Sign in_q'

20-10-2024T12:47:06 - [TEST_STEP][PASSED] - click(findTestObject("Object Repository/Page_Google/span_gmail")): Object: 'Object Repository/Page_Google/span_gmail' is clicked on

20-10-2024T12:47:07 - [MESSAGE][PASSED] - Object: 'Object Repository/Page_Google/span_gmail' is clicked on

20-10-2024T12:47:07 - [TEST_STEP][PASSED] - click(findTestObject("Object Repository/Page_gmail - Google Search/h3_Gmail - Google")): Object: 'Object Repository/Page_gmail - Google Search/h3_Gmail - Google' is clicked on

20-10-2024T12:47:12 - [MESSAGE][PASSED] - Object: 'Object Repository/Page_gmail - Google Search/h3_Gmail - Google' is clicked on

20-10-2024T12:47:12 - [TEST_STEP][PASSED] - click(findTestObject("Object Repository/Page_Gmail Private and secure email at no c_d3ebd8/a_For work")): Object: 'Object Repository/Page_Gmail Private and secure email at no c_d3ebd8/a_For work' is clicked on

20-10-2024T12:47:18 - [MESSAGE][PASSED] - Object: 'Object Repository/Page_Gmail Private and secure email at no c_d3ebd8/a_For work' is clicked on

20-10-2024T12:47:18 - [TEST_STEP][PASSED] - closeBrowser(): Browser is closed

20-10-2024T12:47:19 - [MESSAGE][PASSED] - Browser is closed]]></system-out>
         <system-err><![CDATA[]]></system-err>
      </testcase>
      <testcase name="Test Cases/TestCase2" time="19.728" classname="Test Cases/TestCase2" status="PASSED">
         <system-out><![CDATA[20-10-2024T12:47:19 - [TEST_CASE][PASSED] - Test Cases/TestCase2: Test Cases/TestCase2

20-10-2024T12:47:19 - [TEST_STEP][PASSED] - openBrowser(""): Browser is opened with url: ''

20-10-2024T12:47:19 - [MESSAGE][INFO] - Starting 'Chrome' driver

20-10-2024T12:47:19 - [MESSAGE][INFO] - Action delay is set to 0 milliseconds

20-10-2024T12:47:21 - [MESSAGE][PASSED] - Browser is opened with url: ''

20-10-2024T12:47:21 - [TEST_STEP][PASSED] - navigateToUrl("https://www.google.com/"): Navigate to 'https://www.google.com/' successfully

20-10-2024T12:47:23 - [MESSAGE][PASSED] - Navigate to 'https://www.google.com/' successfully

20-10-2024T12:47:23 - [TEST_STEP][PASSED] - setText(findTestObject("Object Repository/Page_Google/textarea_Sign in_q"), "gmail"): Text 'gmail' is set on object 'Object Repository/Page_Google/textarea_Sign in_q'

20-10-2024T12:47:24 - [MESSAGE][PASSED] - Text 'gmail' is set on object 'Object Repository/Page_Google/textarea_Sign in_q'

20-10-2024T12:47:24 - [TEST_STEP][PASSED] - click(findTestObject("Object Repository/Page_Google/span_gmail")): Object: 'Object Repository/Page_Google/span_gmail' is clicked on

20-10-2024T12:47:25 - [MESSAGE][PASSED] - Object: 'Object Repository/Page_Google/span_gmail' is clicked on

20-10-2024T12:47:25 - [TEST_STEP][PASSED] - click(findTestObject("Object Repository/Page_gmail - Google Search/h3_Gmail - Google")): Object: 'Object Repository/Page_gmail - Google Search/h3_Gmail - Google' is clicked on

20-10-2024T12:47:31 - [MESSAGE][PASSED] - Object: 'Object Repository/Page_gmail - Google Search/h3_Gmail - Google' is clicked on

20-10-2024T12:47:31 - [TEST_STEP][PASSED] - click(findTestObject("Object Repository/Page_Gmail Private and secure email at no c_d3ebd8/a_For work")): Object: 'Object Repository/Page_Gmail Private and secure email at no c_d3ebd8/a_For work' is clicked on

20-10-2024T12:47:36 - [MESSAGE][PASSED] - Object: 'Object Repository/Page_Gmail Private and secure email at no c_d3ebd8/a_For work' is clicked on

20-10-2024T12:47:36 - [TEST_STEP][PASSED] - click(findTestObject("Object Repository/Page_Gmail Private  Secure Email for Person_6b53a6/summary_Solutions")): Object: 'Object Repository/Page_Gmail Private  Secure Email for Person_6b53a6/summary_Solutions' is clicked on

20-10-2024T12:47:36 - [MESSAGE][PASSED] - Object: 'Object Repository/Page_Gmail Private  Secure Email for Person_6b53a6/summary_Solutions' is clicked on

20-10-2024T12:47:36 - [TEST_STEP][PASSED] - click(findTestObject("Object Repository/Page_Gmail Private  Secure Email for Person_6b53a6/div_Overview")): Object: 'Object Repository/Page_Gmail Private  Secure Email for Person_6b53a6/div_Overview' is clicked on

20-10-2024T12:47:38 - [MESSAGE][PASSED] - Object: 'Object Repository/Page_Gmail Private  Secure Email for Person_6b53a6/div_Overview' is clicked on

20-10-2024T12:47:38 - [TEST_STEP][PASSED] - closeBrowser(): Browser is closed

20-10-2024T12:47:39 - [MESSAGE][PASSED] - Browser is closed]]></system-out>
         <system-err><![CDATA[]]></system-err>
      </testcase>
      <system-out><![CDATA[20-10-2024T12:46:57 - [TEST_SUITE][PASSED] - TestSuit1: Test Cases/TestCase2]]></system-out>
      <system-err><![CDATA[]]></system-err>
   </testsuite>
</testsuites>
